<?xml version="1.0" encoding="UTF-8"?>
<!-- Generated by org.testng.reporters.JUnitReportReporter -->
<testsuite name="testscripts.BrokenLink" tests="1" time="36.585" ignored="0" failures="0" timestamp="11 Jan 2019 05:27:58 GMT" skipped="0" hostname="TYSS-4F-054" errors="0">
  <testcase name="getTheBrokenLink" time="36.585" classname="testscripts.BrokenLink"/>
</testsuite> <!-- testscripts.BrokenLink -->
