<?xml version="1.0" encoding="UTF-8"?>
<!-- Generated by org.testng.reporters.JUnitReportReporter -->
<testsuite name="Example.LunchTheBrowserByWindow" tests="1" time="41.331" ignored="0" failures="0" timestamp="23 Jan 2019 10:11:14 GMT" skipped="0" hostname="TYSS-4F-054" errors="0">
  <testcase name="lunch" time="41.331" classname="Example.LunchTheBrowserByWindow"/>
</testsuite> <!-- Example.LunchTheBrowserByWindow -->
