<?xml version="1.0" encoding="UTF-8"?>
<!-- Generated by org.testng.reporters.JUnitReportReporter -->
<testsuite name="testscripts.Example" tests="1" time="19.782" ignored="0" failures="0" timestamp="14 Jan 2019 10:59:54 GMT" skipped="0" hostname="TYSS-4F-054" errors="0">
  <testcase name="selectOurDate" time="19.782" classname="testscripts.Example"/>
</testsuite> <!-- testscripts.Example -->
