<?xml version="1.0" encoding="UTF-8"?>
<!-- Generated by org.testng.reporters.JUnitReportReporter -->
<testsuite name="Example.LunchTheBrowserByWindow" tests="1" time="9.179" ignored="0" failures="0" timestamp="11 Jan 2019 09:55:53 GMT" skipped="0" hostname="TYSS-4F-054" errors="0">
  <testcase name="lunch" time="9.179" classname="Example.LunchTheBrowserByWindow"/>
</testsuite> <!-- Example.LunchTheBrowserByWindow -->
