<?xml version="1.0" encoding="UTF-8"?>
<!-- Generated by org.testng.reporters.JUnitReportReporter -->
<testsuite name="testscripts.ExtentReportDemo" tests="1" time="0.949" ignored="0" failures="0" timestamp="28 Jan 2019 09:18:52 GMT" skipped="0" hostname="TYSS-4F-054" errors="0">
  <testcase name="loginTest" time="0.949" classname="testscripts.ExtentReportDemo"/>
</testsuite> <!-- testscripts.ExtentReportDemo -->
