<?xml version="1.0" encoding="UTF-8"?>
<!-- Generated by org.testng.reporters.JUnitReportReporter -->
<testsuite name="testscripts.GmailDynamicTable" tests="1" time="10.992" ignored="0" failures="0" timestamp="04 Jan 2019 11:12:22 GMT" skipped="0" hostname="TYSS-4F-054" errors="0">
  <testcase name="findTheData" time="10.992" classname="testscripts.GmailDynamicTable"/>
</testsuite> <!-- testscripts.GmailDynamicTable -->
