<?xml version="1.0" encoding="UTF-8"?>
<!-- Generated by org.testng.reporters.JUnitReportReporter -->
<testsuite name="testscripts.ActimeextendReport" tests="1" time="8.405" ignored="2" failures="0" timestamp="28 Jan 2019 09:52:40 GMT" skipped="0" hostname="TYSS-4F-054" errors="0">
  <testcase name="findTheData" time="8.405" classname="testscripts.ActimeextendReport"/>
  <testcase name="extendReport" classname="generick.Baseclass">
    <skipped/>
  </testcase> <!-- extendReport -->
  <testcase name="getExtendReport" classname="generick.Baseclass">
    <skipped/>
  </testcase> <!-- getExtendReport -->
</testsuite> <!-- testscripts.ActimeextendReport -->
