<?xml version="1.0" encoding="UTF-8"?>
<!-- Generated by org.testng.reporters.JUnitReportReporter -->
<testsuite name="testscripts.GmailDynamicTable" tests="1" time="10.705" ignored="0" failures="0" timestamp="28 Jan 2019 07:12:07 GMT" skipped="0" hostname="TYSS-4F-054" errors="0">
  <testcase name="findTheData" time="10.705" classname="testscripts.GmailDynamicTable"/>
</testsuite> <!-- testscripts.GmailDynamicTable -->
